<?xml version="1.0" encoding="UTF-8"?>
<!-- Generated by org.testng.reporters.JUnitReportReporter -->
<testsuite hostname="Makkhi-Sonali" failures="0" tests="1" name="com.pracc.com.TestMeApppp.practical" time="29.624" errors="0" timestamp="2020-04-28T13:57:31 IST" skipped="0">
  <testcase classname="com.pracc.com.TestMeApppp.practical" name="aboutus_chn" time="29.624"/>
  <system-out/>
</testsuite> <!-- com.pracc.com.TestMeApppp.practical -->
